   ______________________________________     
         Running Generic Tarball/Gridpack     
   ______________________________________     
gridpack tarball path = /cvmfs/cms.cern.ch/phys_generator/gridpacks/2018/13TeV/powheg/V2/HWJ_ZZ_NNPDF31_13TeV/HWplusJ_HanythingJ_ZZ2l2nu_NNPDF31_13TeV_M2500/v2/HWplusJ_HanythingJ_ZZ2l2nu_NNPDF31_13TeV_M2500.tgz
%MSG-MG5 number of events requested = 526
%MSG-MG5 random seed used for the run = 234567
%MSG-MG5 thread count requested = 1
%MSG-MG5 residual/optional arguments = 
   ______________________________________     
         Running Powheg                       
   ______________________________________     
%MSG-POWHEG number of events requested = 526
%MSG-POWHEG random seed used for the run = 234567
%MSG-POWHEG number of cputs for the run = 1
%MSG-MG5 SCRAM_ARCH version = slc6_amd64_gcc630
%MSG-MG5 CMSSW version = CMSSW_9_3_0
WARNING: In non-interactive mode release checks e.g. deprecated releases, production architectures are disabled.
WARNING: Developer's area is created for architecture slc6_amd64_gcc630 while your current OS is SLC7.
ERROR: ld.so: object 'libigprof.so' from LD_PRELOAD cannot be preloaded: ignored.
ERROR: ld.so: object 'libigprof.so' from LD_PRELOAD cannot be preloaded: ignored.
ERROR: ld.so: object 'libigprof.so' from LD_PRELOAD cannot be preloaded: ignored.
ERROR: ld.so: object 'libigprof.so' from LD_PRELOAD cannot be preloaded: ignored.
**** Following environment variables are going to be unset.
       GCC_RUNTIME_LSAN
       GCC_RUNTIME_UBSAN
       GCC_RUNTIME_TSAN
       COMPILER_PATH
       SCRAM_CXX11_ABI
       PYTHON27PATH
       GCC_RUNTIME_ASAN
       MLAS_DYNAMIC_CPU_ARCH
       GOSAMCONTRIB_PATH
       PYTHON_VALGRIND_SUPP
       PYTHON3PATH
       GENEVA_DATA_DIR
       THEPEGPATH
idvecbos          24
vdecaymode        10
hdecaymode        -1

hmass  2500d0        ! Higgs boson mass
hwidth 1250.0d0     ! Higgs boson width

min_h_mass    10d0
max_h_mass  13000d0

min_w_mass     10d0
max_w_mass   13000d0

numevts 526
ih1 1             ! hadron 1 (1 for protons, -1 for antiprotons)
ih2 1             ! hadron 2 (1 for protons, -1 for antiprotons)
ebeam1 6500d0     ! energy of beam 1
ebeam2 6500d0     ! energy of beam 2

bornktmin 0.26d0      ! (default 0d0) generation cut. Minimum kt in underlying Born
bornsuppfact 0d0 ! (default 0d0)  mass param for Born suppression factor. If < 0 suppfact = 1

lhans1  306000         ! pdf set for hadron 1 (LHA numbering)
lhans2  306000         ! pdf set for hadron 2 (LHA numbering)	

renscfact  1d0   ! (default 1d0) ren scale factor: muren  = muref * renscfact
facscfact  1d0   ! (default 1d0) fac scale factor: mufact = muref * facscfact

! Parameters to allow or not the use of stored data
use-old-grid    1 ! if 1 use old grid if file pwggrids.dat is present (<> 1 regenerate)
use-old-ubound  1 ! if 1 use norm of upper bounding function stored in pwgubound.dat, if present; <> 1 regenerate

! the typical call uses 1/1400 seconds (1400 calls per second)
ncall1 1000000      ! Number of calls for the construction of the importance sampling grid
itmx1 3           ! Number of iterations for grid
ncall2 75000      ! Number of calls for the computation of the upper bounding envelope
                  ! for the generation of radiation
itmx2 5           ! Number of iterations for the above

! Notice: the total number of calls is ncall2*itmx2*foldcsi*foldy*foldphi
foldcsi 2         ! number of folds on csi integration
foldy   5         ! number of folds on  y  integration
foldphi 2         ! number of folds on phi integration

nubound 600000 ! number of calls to set up the upper bounding norms for radiation
               ! This is performed using only the Born cross section (fast)


! OPTIONAL PARAMETERS

#withnegweights 1 1  ! (default 0) if on (1) use negative weights
testplots  1      ! (default 0, do not) do NLO and PWHG distributions

iseed 234567

fastbtlbound 1
storemintupb 1

#storeinfo_rwgt 0
#pdfreweight 0

complexpolescheme 1

minlo 1
minlo_nnll 1

# if running with minlo, set the following to 0
massivetop   0

sudscalevar   1

doublefsr 1

nohad   1


#manyseeds 1

#parallelstage 4

#xgriditeration 1 1
rwl_group_events 2000
lhapdf6maxsets 50
rwl_file 'pwg-rwl.dat'
rwl_format_rwgt 1

 finished computing weights ..

-rw-r--r--. 1 shoh zh 19674509 Jul  3 13:26 cmsgrid_final.lhe
/afs/cern.ch/work/s/shoh/analysis/GenProfile/HIG-RunIISummer20UL18wmLHEGEN-00657_cmdLog/lheevent/powhegbox_HWJ
./JHUGen DecayMode1=3 DecayMode2=8 WidthSchemeIn=3 ReweightDecay ReadPmHstar PmHstarFile=PMZZdistribution.out LHAPDF=NNPDF31_nnlo_hessian_pdfas/NNPDF31_nnlo_hessian_pdfas ReadLHE=cmsgrid_tmp.lhe DataFile=cmsgrid_final Seed=234567
LHAPDF 6.2.1 loading /cvmfs/cms.cern.ch/slc6_amd64_gcc630/external/lhapdf/6.2.1/share/LHAPDF/NNPDF31_nnlo_hessian_pdfas/NNPDF31_nnlo_hessian_pdfas_0000.dat
NNPDF31_nnlo_hessian_pdfas PDF set, member #0, version 1; LHAPDF ID = 306000
Thanks for using LHAPDF 6.2.1. Please make sure to cite the paper:
  Eur.Phys.J. C75 (2015) 3, 132  (http://arxiv.org/abs/1412.7420)
 
 Finding range of mHstar in the LHE input file...
 ... and it's    235.02923849999999        -     4027.4569139999994       GeV
  
  ***************************************************************************************
  *                                JHU Generator v7.3.5                                 *
  ***************************************************************************************
  *                                                                                     *
  *   Spin and parity determination of single-produced resonances at hadron colliders   *
  *                                                                                     *
  *              I. Anderson, S. Bolognesi, F. Caola, Y. Gao, A. Gritsan,               *
  *          Z. Guo, C. Martin, K. Melnikov, R. Rontsch, H. Roskes, U. Sarica,          *
  *                 M. Schulze, N. Tran, A. Whitbeck, M. Xiao, Y. Zhou                  *
  *              Phys.Rev. D81 (2010) 075022;  arXiv:1001.3396  [hep-ph],               *
  *              Phys.Rev. D86 (2012) 095031;  arXiv:1208.4018  [hep-ph],               *
  *              Phys.Rev. D89 (2014) 035007;  arXiv:1309.4819  [hep-ph],               *
  *              Phys.Rev. D94 (2016) 055023;  arXiv:1606.03107 [hep-ph].               *
  *                                                                                     *
  ***************************************************************************************
  
   
   Command line: ./JHUGen DecayMode1=3 DecayMode2=8 WidthSchemeIn=3 ReweightDecay ReadPmHstar PmHstarFile=PMZZdistribution.out LHAPDF=NNPDF31_nnlo_hessian_pdfas/NNPDF31_nnlo_hessian_pdfas ReadLHE=cmsgrid_tmp.lhe DataFile=cmsgrid_final Seed=234567
   
   Input Parameter:
    Collider: P-P, sqrt(s)=13000.00
    Resonance: spin=0, mass=2500.00 width=1250.00000
               (This is ReadLHEFile mode. Resonance mass/width are read from LHE input parameters.)
    DecayMode1: 3  DecayMode2: 8
    Z boson: mass=91.188, width=2.4952
    Random seed:      234567
    To reproduce results using this seed, JHUGen should be compiled with the same compiler:
      GNU Fortran (GCC) 6.3.0
    Reweighting events using the decay matrix element, using input WidthScheme 3
    Interference: F
    Intermediate off-shell photons: F
    
    Spin-0-VV couplings: 
      generate_as=F
      kappa_top=  0.10000000E+01  0.00000000E+00i
      kappa_bot=  0.10000000E+01  0.00000000E+00i
      ghg2=  0.10000000E+01  0.00000000E+00i
      ghz1=  0.20000000E+01  0.00000000E+00i
      Lambda=  1000.0
      Lambda_Q=  10000.0
    
    LHE output: cmsgrid_final.lhe
    Histogram output: cmsgrid_final.dat
    Log file: cmsgrid_final.log
    LHE input: cmsgrid_tmp.lhe
    
  Running
  A Higgs mass of 2500.00 GeV was determined from the LHE input file.
  A Higgs width of 1250.00000 GeV was determined from the LHE input file.

  finding P_decay(m4l) distribution with       200000  calls per point
   45.216369705287093      %
   90.432739410574186      %
   92.548553801980788      %
   100.00000000000000      %
  finding maximal weight for mZZ=   4027.4569139999994       GeV with     10000000  points
  generating events
 
 Evaluation Counter:                817996
 Acceptance Counter:                   526
 Rejection  Counter:                817470
 Alert  Counter:                     0
 Event generation rate (events/sec)   28.763236078416039     
 Done
cp: 'cmsgrid_final.lhe' and '/afs/cern.ch/work/s/shoh/analysis/GenProfile/HIG-RunIISummer20UL18wmLHEGEN-00657_cmdLog/lheevent/./cmsgrid_final.lhe' are the same file
Output ready with cmsgrid_final.lhe at /afs/cern.ch/work/s/shoh/analysis/GenProfile/HIG-RunIISummer20UL18wmLHEGEN-00657_cmdLog/lheevent
End of job on  Sat 3 Jul 13:30:11 CEST 2021
03-Jul-2021 13:30:13 CEST  Initiating request to open LHE file cmsgrid_final.lhe
03-Jul-2021 13:30:13 CEST  Successfully opened LHE file cmsgrid_final.lhe
Begin processing the 1st record. Run 1, Event 1, LumiSection 1 on stream 0 at 03-Jul-2021 13:30:13.970 CEST
Begin processing the 2nd record. Run 1, Event 2, LumiSection 1 on stream 0 at 03-Jul-2021 13:30:14.045 CEST
Begin processing the 3rd record. Run 1, Event 3, LumiSection 1 on stream 0 at 03-Jul-2021 13:30:14.056 CEST
Begin processing the 4th record. Run 1, Event 4, LumiSection 1 on stream 0 at 03-Jul-2021 13:30:14.067 CEST
Begin processing the 5th record. Run 1, Event 5, LumiSection 1 on stream 0 at 03-Jul-2021 13:30:14.078 CEST
Begin processing the 6th record. Run 1, Event 6, LumiSection 1 on stream 0 at 03-Jul-2021 13:30:14.089 CEST
Begin processing the 7th record. Run 1, Event 7, LumiSection 1 on stream 0 at 03-Jul-2021 13:30:14.100 CEST
Begin processing the 8th record. Run 1, Event 8, LumiSection 1 on stream 0 at 03-Jul-2021 13:30:14.110 CEST
Begin processing the 9th record. Run 1, Event 9, LumiSection 1 on stream 0 at 03-Jul-2021 13:30:14.121 CEST
Begin processing the 10th record. Run 1, Event 10, LumiSection 1 on stream 0 at 03-Jul-2021 13:30:14.132 CEST
Begin processing the 11th record. Run 1, Event 11, LumiSection 1 on stream 0 at 03-Jul-2021 13:30:14.143 CEST
Begin processing the 12th record. Run 1, Event 12, LumiSection 1 on stream 0 at 03-Jul-2021 13:30:14.154 CEST
Begin processing the 13th record. Run 1, Event 13, LumiSection 1 on stream 0 at 03-Jul-2021 13:30:14.165 CEST
Begin processing the 14th record. Run 1, Event 14, LumiSection 1 on stream 0 at 03-Jul-2021 13:30:14.175 CEST
Begin processing the 15th record. Run 1, Event 15, LumiSection 1 on stream 0 at 03-Jul-2021 13:30:14.186 CEST
Begin processing the 16th record. Run 1, Event 16, LumiSection 1 on stream 0 at 03-Jul-2021 13:30:14.197 CEST
Begin processing the 17th record. Run 1, Event 17, LumiSection 1 on stream 0 at 03-Jul-2021 13:30:14.207 CEST
Begin processing the 18th record. Run 1, Event 18, LumiSection 1 on stream 0 at 03-Jul-2021 13:30:14.218 CEST
Begin processing the 19th record. Run 1, Event 19, LumiSection 1 on stream 0 at 03-Jul-2021 13:30:14.229 CEST
Begin processing the 20th record. Run 1, Event 20, LumiSection 1 on stream 0 at 03-Jul-2021 13:30:14.239 CEST
Begin processing the 21st record. Run 1, Event 21, LumiSection 1 on stream 0 at 03-Jul-2021 13:30:14.250 CEST
Begin processing the 22nd record. Run 1, Event 22, LumiSection 1 on stream 0 at 03-Jul-2021 13:30:14.261 CEST
Begin processing the 23rd record. Run 1, Event 23, LumiSection 1 on stream 0 at 03-Jul-2021 13:30:14.272 CEST
Begin processing the 24th record. Run 1, Event 24, LumiSection 1 on stream 0 at 03-Jul-2021 13:30:14.283 CEST
Begin processing the 25th record. Run 1, Event 25, LumiSection 1 on stream 0 at 03-Jul-2021 13:30:14.294 CEST
Begin processing the 26th record. Run 1, Event 26, LumiSection 1 on stream 0 at 03-Jul-2021 13:30:14.304 CEST
Begin processing the 27th record. Run 1, Event 27, LumiSection 1 on stream 0 at 03-Jul-2021 13:30:14.315 CEST
Begin processing the 28th record. Run 1, Event 28, LumiSection 1 on stream 0 at 03-Jul-2021 13:30:14.326 CEST
Begin processing the 29th record. Run 1, Event 29, LumiSection 1 on stream 0 at 03-Jul-2021 13:30:14.336 CEST
Begin processing the 30th record. Run 1, Event 30, LumiSection 1 on stream 0 at 03-Jul-2021 13:30:14.347 CEST
Begin processing the 31st record. Run 1, Event 31, LumiSection 1 on stream 0 at 03-Jul-2021 13:30:14.358 CEST
Begin processing the 32nd record. Run 1, Event 32, LumiSection 1 on stream 0 at 03-Jul-2021 13:30:14.369 CEST
Begin processing the 33rd record. Run 1, Event 33, LumiSection 1 on stream 0 at 03-Jul-2021 13:30:14.379 CEST
Begin processing the 34th record. Run 1, Event 34, LumiSection 1 on stream 0 at 03-Jul-2021 13:30:14.390 CEST
Begin processing the 35th record. Run 1, Event 35, LumiSection 1 on stream 0 at 03-Jul-2021 13:30:14.401 CEST
Begin processing the 36th record. Run 1, Event 36, LumiSection 1 on stream 0 at 03-Jul-2021 13:30:14.411 CEST
Begin processing the 37th record. Run 1, Event 37, LumiSection 1 on stream 0 at 03-Jul-2021 13:30:14.422 CEST
Begin processing the 38th record. Run 1, Event 38, LumiSection 1 on stream 0 at 03-Jul-2021 13:30:14.433 CEST
Begin processing the 39th record. Run 1, Event 39, LumiSection 1 on stream 0 at 03-Jul-2021 13:30:14.443 CEST
Begin processing the 40th record. Run 1, Event 40, LumiSection 1 on stream 0 at 03-Jul-2021 13:30:14.454 CEST
Begin processing the 41st record. Run 1, Event 41, LumiSection 1 on stream 0 at 03-Jul-2021 13:30:14.465 CEST
Begin processing the 42nd record. Run 1, Event 42, LumiSection 1 on stream 0 at 03-Jul-2021 13:30:14.475 CEST
Begin processing the 43rd record. Run 1, Event 43, LumiSection 1 on stream 0 at 03-Jul-2021 13:30:14.486 CEST
Begin processing the 44th record. Run 1, Event 44, LumiSection 1 on stream 0 at 03-Jul-2021 13:30:14.497 CEST
Begin processing the 45th record. Run 1, Event 45, LumiSection 1 on stream 0 at 03-Jul-2021 13:30:14.508 CEST
Begin processing the 46th record. Run 1, Event 46, LumiSection 1 on stream 0 at 03-Jul-2021 13:30:14.518 CEST
Begin processing the 47th record. Run 1, Event 47, LumiSection 1 on stream 0 at 03-Jul-2021 13:30:14.529 CEST
Begin processing the 48th record. Run 1, Event 48, LumiSection 1 on stream 0 at 03-Jul-2021 13:30:14.540 CEST
Begin processing the 49th record. Run 1, Event 49, LumiSection 1 on stream 0 at 03-Jul-2021 13:30:14.551 CEST
Begin processing the 50th record. Run 1, Event 50, LumiSection 1 on stream 0 at 03-Jul-2021 13:30:14.562 CEST
Begin processing the 51st record. Run 1, Event 51, LumiSection 1 on stream 0 at 03-Jul-2021 13:30:14.573 CEST
Begin processing the 52nd record. Run 1, Event 52, LumiSection 1 on stream 0 at 03-Jul-2021 13:30:14.584 CEST
Begin processing the 53rd record. Run 1, Event 53, LumiSection 1 on stream 0 at 03-Jul-2021 13:30:14.594 CEST
Begin processing the 54th record. Run 1, Event 54, LumiSection 1 on stream 0 at 03-Jul-2021 13:30:14.605 CEST
Begin processing the 55th record. Run 1, Event 55, LumiSection 1 on stream 0 at 03-Jul-2021 13:30:14.617 CEST
Begin processing the 56th record. Run 1, Event 56, LumiSection 1 on stream 0 at 03-Jul-2021 13:30:14.627 CEST
Begin processing the 57th record. Run 1, Event 57, LumiSection 1 on stream 0 at 03-Jul-2021 13:30:14.639 CEST
Begin processing the 58th record. Run 1, Event 58, LumiSection 1 on stream 0 at 03-Jul-2021 13:30:14.650 CEST
Begin processing the 59th record. Run 1, Event 59, LumiSection 1 on stream 0 at 03-Jul-2021 13:30:14.661 CEST
Begin processing the 60th record. Run 1, Event 60, LumiSection 1 on stream 0 at 03-Jul-2021 13:30:14.672 CEST
Begin processing the 61st record. Run 1, Event 61, LumiSection 1 on stream 0 at 03-Jul-2021 13:30:14.683 CEST
Begin processing the 62nd record. Run 1, Event 62, LumiSection 1 on stream 0 at 03-Jul-2021 13:30:14.694 CEST
Begin processing the 63rd record. Run 1, Event 63, LumiSection 1 on stream 0 at 03-Jul-2021 13:30:14.704 CEST
Begin processing the 64th record. Run 1, Event 64, LumiSection 1 on stream 0 at 03-Jul-2021 13:30:14.715 CEST
Begin processing the 65th record. Run 1, Event 65, LumiSection 1 on stream 0 at 03-Jul-2021 13:30:14.726 CEST
Begin processing the 66th record. Run 1, Event 66, LumiSection 1 on stream 0 at 03-Jul-2021 13:30:14.737 CEST
Begin processing the 67th record. Run 1, Event 67, LumiSection 1 on stream 0 at 03-Jul-2021 13:30:14.748 CEST
Begin processing the 68th record. Run 1, Event 68, LumiSection 1 on stream 0 at 03-Jul-2021 13:30:14.759 CEST
Begin processing the 69th record. Run 1, Event 69, LumiSection 1 on stream 0 at 03-Jul-2021 13:30:14.770 CEST
Begin processing the 70th record. Run 1, Event 70, LumiSection 1 on stream 0 at 03-Jul-2021 13:30:14.781 CEST
Begin processing the 71st record. Run 1, Event 71, LumiSection 1 on stream 0 at 03-Jul-2021 13:30:14.791 CEST
Begin processing the 72nd record. Run 1, Event 72, LumiSection 1 on stream 0 at 03-Jul-2021 13:30:14.802 CEST
Begin processing the 73rd record. Run 1, Event 73, LumiSection 1 on stream 0 at 03-Jul-2021 13:30:14.813 CEST
Begin processing the 74th record. Run 1, Event 74, LumiSection 1 on stream 0 at 03-Jul-2021 13:30:14.824 CEST
Begin processing the 75th record. Run 1, Event 75, LumiSection 1 on stream 0 at 03-Jul-2021 13:30:14.835 CEST
Begin processing the 76th record. Run 1, Event 76, LumiSection 1 on stream 0 at 03-Jul-2021 13:30:14.846 CEST
Begin processing the 77th record. Run 1, Event 77, LumiSection 1 on stream 0 at 03-Jul-2021 13:30:14.858 CEST
Begin processing the 78th record. Run 1, Event 78, LumiSection 1 on stream 0 at 03-Jul-2021 13:30:14.871 CEST
Begin processing the 79th record. Run 1, Event 79, LumiSection 1 on stream 0 at 03-Jul-2021 13:30:14.884 CEST
Begin processing the 80th record. Run 1, Event 80, LumiSection 1 on stream 0 at 03-Jul-2021 13:30:14.897 CEST
Begin processing the 81st record. Run 1, Event 81, LumiSection 1 on stream 0 at 03-Jul-2021 13:30:14.910 CEST
Begin processing the 82nd record. Run 1, Event 82, LumiSection 1 on stream 0 at 03-Jul-2021 13:30:14.922 CEST
Begin processing the 83rd record. Run 1, Event 83, LumiSection 1 on stream 0 at 03-Jul-2021 13:30:14.935 CEST
Begin processing the 84th record. Run 1, Event 84, LumiSection 1 on stream 0 at 03-Jul-2021 13:30:14.947 CEST
Begin processing the 85th record. Run 1, Event 85, LumiSection 1 on stream 0 at 03-Jul-2021 13:30:14.959 CEST
Begin processing the 86th record. Run 1, Event 86, LumiSection 1 on stream 0 at 03-Jul-2021 13:30:14.971 CEST
Begin processing the 87th record. Run 1, Event 87, LumiSection 1 on stream 0 at 03-Jul-2021 13:30:14.984 CEST
Begin processing the 88th record. Run 1, Event 88, LumiSection 1 on stream 0 at 03-Jul-2021 13:30:14.996 CEST
Begin processing the 89th record. Run 1, Event 89, LumiSection 1 on stream 0 at 03-Jul-2021 13:30:15.009 CEST
Begin processing the 90th record. Run 1, Event 90, LumiSection 1 on stream 0 at 03-Jul-2021 13:30:15.022 CEST
Begin processing the 91st record. Run 1, Event 91, LumiSection 1 on stream 0 at 03-Jul-2021 13:30:15.034 CEST
Begin processing the 92nd record. Run 1, Event 92, LumiSection 1 on stream 0 at 03-Jul-2021 13:30:15.047 CEST
Begin processing the 93rd record. Run 1, Event 93, LumiSection 1 on stream 0 at 03-Jul-2021 13:30:15.059 CEST
Begin processing the 94th record. Run 1, Event 94, LumiSection 1 on stream 0 at 03-Jul-2021 13:30:15.073 CEST
Begin processing the 95th record. Run 1, Event 95, LumiSection 1 on stream 0 at 03-Jul-2021 13:30:15.085 CEST
Begin processing the 96th record. Run 1, Event 96, LumiSection 1 on stream 0 at 03-Jul-2021 13:30:15.098 CEST
Begin processing the 97th record. Run 1, Event 97, LumiSection 1 on stream 0 at 03-Jul-2021 13:30:15.112 CEST
Begin processing the 98th record. Run 1, Event 98, LumiSection 1 on stream 0 at 03-Jul-2021 13:30:15.125 CEST
Begin processing the 99th record. Run 1, Event 99, LumiSection 1 on stream 0 at 03-Jul-2021 13:30:15.139 CEST
Begin processing the 100th record. Run 1, Event 100, LumiSection 1 on stream 0 at 03-Jul-2021 13:30:15.152 CEST
Begin processing the 101st record. Run 1, Event 101, LumiSection 1 on stream 0 at 03-Jul-2021 13:30:15.164 CEST
Begin processing the 102nd record. Run 1, Event 102, LumiSection 1 on stream 0 at 03-Jul-2021 13:30:15.177 CEST
Begin processing the 103rd record. Run 1, Event 103, LumiSection 1 on stream 0 at 03-Jul-2021 13:30:15.189 CEST
Begin processing the 104th record. Run 1, Event 104, LumiSection 1 on stream 0 at 03-Jul-2021 13:30:15.201 CEST
Begin processing the 105th record. Run 1, Event 105, LumiSection 1 on stream 0 at 03-Jul-2021 13:30:15.214 CEST
Begin processing the 106th record. Run 1, Event 106, LumiSection 1 on stream 0 at 03-Jul-2021 13:30:15.226 CEST
Begin processing the 107th record. Run 1, Event 107, LumiSection 1 on stream 0 at 03-Jul-2021 13:30:15.239 CEST
Begin processing the 108th record. Run 1, Event 108, LumiSection 1 on stream 0 at 03-Jul-2021 13:30:15.251 CEST
Begin processing the 109th record. Run 1, Event 109, LumiSection 1 on stream 0 at 03-Jul-2021 13:30:15.263 CEST
Begin processing the 110th record. Run 1, Event 110, LumiSection 1 on stream 0 at 03-Jul-2021 13:30:15.276 CEST
Begin processing the 111th record. Run 1, Event 111, LumiSection 1 on stream 0 at 03-Jul-2021 13:30:15.288 CEST
Begin processing the 112th record. Run 1, Event 112, LumiSection 1 on stream 0 at 03-Jul-2021 13:30:15.301 CEST
Begin processing the 113th record. Run 1, Event 113, LumiSection 1 on stream 0 at 03-Jul-2021 13:30:15.313 CEST
Begin processing the 114th record. Run 1, Event 114, LumiSection 1 on stream 0 at 03-Jul-2021 13:30:15.326 CEST
Begin processing the 115th record. Run 1, Event 115, LumiSection 1 on stream 0 at 03-Jul-2021 13:30:15.338 CEST
Begin processing the 116th record. Run 1, Event 116, LumiSection 1 on stream 0 at 03-Jul-2021 13:30:15.351 CEST
Begin processing the 117th record. Run 1, Event 117, LumiSection 1 on stream 0 at 03-Jul-2021 13:30:15.363 CEST
Begin processing the 118th record. Run 1, Event 118, LumiSection 1 on stream 0 at 03-Jul-2021 13:30:15.377 CEST
Begin processing the 119th record. Run 1, Event 119, LumiSection 1 on stream 0 at 03-Jul-2021 13:30:15.388 CEST
Begin processing the 120th record. Run 1, Event 120, LumiSection 1 on stream 0 at 03-Jul-2021 13:30:15.403 CEST
Begin processing the 121st record. Run 1, Event 121, LumiSection 1 on stream 0 at 03-Jul-2021 13:30:15.415 CEST
Begin processing the 122nd record. Run 1, Event 122, LumiSection 1 on stream 0 at 03-Jul-2021 13:30:15.427 CEST
Begin processing the 123rd record. Run 1, Event 123, LumiSection 1 on stream 0 at 03-Jul-2021 13:30:15.439 CEST
Begin processing the 124th record. Run 1, Event 124, LumiSection 1 on stream 0 at 03-Jul-2021 13:30:15.452 CEST
Begin processing the 125th record. Run 1, Event 125, LumiSection 1 on stream 0 at 03-Jul-2021 13:30:15.464 CEST
Begin processing the 126th record. Run 1, Event 126, LumiSection 1 on stream 0 at 03-Jul-2021 13:30:15.476 CEST
Begin processing the 127th record. Run 1, Event 127, LumiSection 1 on stream 0 at 03-Jul-2021 13:30:15.488 CEST
Begin processing the 128th record. Run 1, Event 128, LumiSection 1 on stream 0 at 03-Jul-2021 13:30:15.500 CEST
Begin processing the 129th record. Run 1, Event 129, LumiSection 1 on stream 0 at 03-Jul-2021 13:30:15.512 CEST
Begin processing the 130th record. Run 1, Event 130, LumiSection 1 on stream 0 at 03-Jul-2021 13:30:15.525 CEST
Begin processing the 131st record. Run 1, Event 131, LumiSection 1 on stream 0 at 03-Jul-2021 13:30:15.537 CEST
Begin processing the 132nd record. Run 1, Event 132, LumiSection 1 on stream 0 at 03-Jul-2021 13:30:15.549 CEST
Begin processing the 133rd record. Run 1, Event 133, LumiSection 1 on stream 0 at 03-Jul-2021 13:30:15.562 CEST
Begin processing the 134th record. Run 1, Event 134, LumiSection 1 on stream 0 at 03-Jul-2021 13:30:15.574 CEST
Begin processing the 135th record. Run 1, Event 135, LumiSection 1 on stream 0 at 03-Jul-2021 13:30:15.587 CEST
Begin processing the 136th record. Run 1, Event 136, LumiSection 1 on stream 0 at 03-Jul-2021 13:30:15.600 CEST
Begin processing the 137th record. Run 1, Event 137, LumiSection 1 on stream 0 at 03-Jul-2021 13:30:15.612 CEST
Begin processing the 138th record. Run 1, Event 138, LumiSection 1 on stream 0 at 03-Jul-2021 13:30:15.624 CEST
Begin processing the 139th record. Run 1, Event 139, LumiSection 1 on stream 0 at 03-Jul-2021 13:30:15.636 CEST
Begin processing the 140th record. Run 1, Event 140, LumiSection 1 on stream 0 at 03-Jul-2021 13:30:15.649 CEST
Begin processing the 141st record. Run 1, Event 141, LumiSection 1 on stream 0 at 03-Jul-2021 13:30:15.661 CEST
Begin processing the 142nd record. Run 1, Event 142, LumiSection 1 on stream 0 at 03-Jul-2021 13:30:15.673 CEST
Begin processing the 143rd record. Run 1, Event 143, LumiSection 1 on stream 0 at 03-Jul-2021 13:30:15.686 CEST
Begin processing the 144th record. Run 1, Event 144, LumiSection 1 on stream 0 at 03-Jul-2021 13:30:15.698 CEST
Begin processing the 145th record. Run 1, Event 145, LumiSection 1 on stream 0 at 03-Jul-2021 13:30:15.711 CEST
Begin processing the 146th record. Run 1, Event 146, LumiSection 1 on stream 0 at 03-Jul-2021 13:30:15.723 CEST
Begin processing the 147th record. Run 1, Event 147, LumiSection 1 on stream 0 at 03-Jul-2021 13:30:15.735 CEST
Begin processing the 148th record. Run 1, Event 148, LumiSection 1 on stream 0 at 03-Jul-2021 13:30:15.748 CEST
Begin processing the 149th record. Run 1, Event 149, LumiSection 1 on stream 0 at 03-Jul-2021 13:30:15.761 CEST
Begin processing the 150th record. Run 1, Event 150, LumiSection 1 on stream 0 at 03-Jul-2021 13:30:15.773 CEST
Begin processing the 151st record. Run 1, Event 151, LumiSection 1 on stream 0 at 03-Jul-2021 13:30:15.786 CEST
Begin processing the 152nd record. Run 1, Event 152, LumiSection 1 on stream 0 at 03-Jul-2021 13:30:15.798 CEST
Begin processing the 153rd record. Run 1, Event 153, LumiSection 1 on stream 0 at 03-Jul-2021 13:30:15.811 CEST
Begin processing the 154th record. Run 1, Event 154, LumiSection 1 on stream 0 at 03-Jul-2021 13:30:15.823 CEST
Begin processing the 155th record. Run 1, Event 155, LumiSection 1 on stream 0 at 03-Jul-2021 13:30:15.836 CEST
Begin processing the 156th record. Run 1, Event 156, LumiSection 1 on stream 0 at 03-Jul-2021 13:30:15.849 CEST
Begin processing the 157th record. Run 1, Event 157, LumiSection 1 on stream 0 at 03-Jul-2021 13:30:15.863 CEST
Begin processing the 158th record. Run 1, Event 158, LumiSection 1 on stream 0 at 03-Jul-2021 13:30:15.875 CEST
Begin processing the 159th record. Run 1, Event 159, LumiSection 1 on stream 0 at 03-Jul-2021 13:30:15.888 CEST
Begin processing the 160th record. Run 1, Event 160, LumiSection 1 on stream 0 at 03-Jul-2021 13:30:15.900 CEST
Begin processing the 161st record. Run 1, Event 161, LumiSection 1 on stream 0 at 03-Jul-2021 13:30:15.913 CEST
Begin processing the 162nd record. Run 1, Event 162, LumiSection 1 on stream 0 at 03-Jul-2021 13:30:15.925 CEST
Begin processing the 163rd record. Run 1, Event 163, LumiSection 1 on stream 0 at 03-Jul-2021 13:30:15.937 CEST
Begin processing the 164th record. Run 1, Event 164, LumiSection 1 on stream 0 at 03-Jul-2021 13:30:15.950 CEST
Begin processing the 165th record. Run 1, Event 165, LumiSection 1 on stream 0 at 03-Jul-2021 13:30:15.961 CEST
Begin processing the 166th record. Run 1, Event 166, LumiSection 1 on stream 0 at 03-Jul-2021 13:30:15.974 CEST
Begin processing the 167th record. Run 1, Event 167, LumiSection 1 on stream 0 at 03-Jul-2021 13:30:15.986 CEST
Begin processing the 168th record. Run 1, Event 168, LumiSection 1 on stream 0 at 03-Jul-2021 13:30:15.999 CEST
Begin processing the 169th record. Run 1, Event 169, LumiSection 1 on stream 0 at 03-Jul-2021 13:30:16.011 CEST
Begin processing the 170th record. Run 1, Event 170, LumiSection 1 on stream 0 at 03-Jul-2021 13:30:16.024 CEST
Begin processing the 171st record. Run 1, Event 171, LumiSection 1 on stream 0 at 03-Jul-2021 13:30:16.036 CEST
Begin processing the 172nd record. Run 1, Event 172, LumiSection 1 on stream 0 at 03-Jul-2021 13:30:16.049 CEST
Begin processing the 173rd record. Run 1, Event 173, LumiSection 1 on stream 0 at 03-Jul-2021 13:30:16.061 CEST
Begin processing the 174th record. Run 1, Event 174, LumiSection 1 on stream 0 at 03-Jul-2021 13:30:16.073 CEST
Begin processing the 175th record. Run 1, Event 175, LumiSection 1 on stream 0 at 03-Jul-2021 13:30:16.085 CEST
Begin processing the 176th record. Run 1, Event 176, LumiSection 1 on stream 0 at 03-Jul-2021 13:30:16.096 CEST
Begin processing the 177th record. Run 1, Event 177, LumiSection 1 on stream 0 at 03-Jul-2021 13:30:16.109 CEST
Begin processing the 178th record. Run 1, Event 178, LumiSection 1 on stream 0 at 03-Jul-2021 13:30:16.121 CEST
Begin processing the 179th record. Run 1, Event 179, LumiSection 1 on stream 0 at 03-Jul-2021 13:30:16.134 CEST
Begin processing the 180th record. Run 1, Event 180, LumiSection 1 on stream 0 at 03-Jul-2021 13:30:16.147 CEST
Begin processing the 181st record. Run 1, Event 181, LumiSection 1 on stream 0 at 03-Jul-2021 13:30:16.159 CEST
Begin processing the 182nd record. Run 1, Event 182, LumiSection 1 on stream 0 at 03-Jul-2021 13:30:16.172 CEST
Begin processing the 183rd record. Run 1, Event 183, LumiSection 1 on stream 0 at 03-Jul-2021 13:30:16.184 CEST
Begin processing the 184th record. Run 1, Event 184, LumiSection 1 on stream 0 at 03-Jul-2021 13:30:16.196 CEST
Begin processing the 185th record. Run 1, Event 185, LumiSection 1 on stream 0 at 03-Jul-2021 13:30:16.209 CEST
Begin processing the 186th record. Run 1, Event 186, LumiSection 1 on stream 0 at 03-Jul-2021 13:30:16.222 CEST
Begin processing the 187th record. Run 1, Event 187, LumiSection 1 on stream 0 at 03-Jul-2021 13:30:16.234 CEST
Begin processing the 188th record. Run 1, Event 188, LumiSection 1 on stream 0 at 03-Jul-2021 13:30:16.247 CEST
Begin processing the 189th record. Run 1, Event 189, LumiSection 1 on stream 0 at 03-Jul-2021 13:30:16.259 CEST
Begin processing the 190th record. Run 1, Event 190, LumiSection 1 on stream 0 at 03-Jul-2021 13:30:16.272 CEST
Begin processing the 191st record. Run 1, Event 191, LumiSection 1 on stream 0 at 03-Jul-2021 13:30:16.285 CEST
Begin processing the 192nd record. Run 1, Event 192, LumiSection 1 on stream 0 at 03-Jul-2021 13:30:16.297 CEST
Begin processing the 193rd record. Run 1, Event 193, LumiSection 1 on stream 0 at 03-Jul-2021 13:30:16.308 CEST
Begin processing the 194th record. Run 1, Event 194, LumiSection 1 on stream 0 at 03-Jul-2021 13:30:16.319 CEST
Begin processing the 195th record. Run 1, Event 195, LumiSection 1 on stream 0 at 03-Jul-2021 13:30:16.330 CEST
Begin processing the 196th record. Run 1, Event 196, LumiSection 1 on stream 0 at 03-Jul-2021 13:30:16.341 CEST
Begin processing the 197th record. Run 1, Event 197, LumiSection 1 on stream 0 at 03-Jul-2021 13:30:16.352 CEST
Begin processing the 198th record. Run 1, Event 198, LumiSection 1 on stream 0 at 03-Jul-2021 13:30:16.363 CEST
Begin processing the 199th record. Run 1, Event 199, LumiSection 1 on stream 0 at 03-Jul-2021 13:30:16.373 CEST
Begin processing the 200th record. Run 1, Event 200, LumiSection 1 on stream 0 at 03-Jul-2021 13:30:16.384 CEST
Begin processing the 201st record. Run 1, Event 201, LumiSection 1 on stream 0 at 03-Jul-2021 13:30:16.395 CEST
Begin processing the 202nd record. Run 1, Event 202, LumiSection 1 on stream 0 at 03-Jul-2021 13:30:16.405 CEST
Begin processing the 203rd record. Run 1, Event 203, LumiSection 1 on stream 0 at 03-Jul-2021 13:30:16.416 CEST
Begin processing the 204th record. Run 1, Event 204, LumiSection 1 on stream 0 at 03-Jul-2021 13:30:16.426 CEST
Begin processing the 205th record. Run 1, Event 205, LumiSection 1 on stream 0 at 03-Jul-2021 13:30:16.437 CEST
Begin processing the 206th record. Run 1, Event 206, LumiSection 1 on stream 0 at 03-Jul-2021 13:30:16.448 CEST
Begin processing the 207th record. Run 1, Event 207, LumiSection 1 on stream 0 at 03-Jul-2021 13:30:16.459 CEST
Begin processing the 208th record. Run 1, Event 208, LumiSection 1 on stream 0 at 03-Jul-2021 13:30:16.470 CEST
Begin processing the 209th record. Run 1, Event 209, LumiSection 1 on stream 0 at 03-Jul-2021 13:30:16.480 CEST
Begin processing the 210th record. Run 1, Event 210, LumiSection 1 on stream 0 at 03-Jul-2021 13:30:16.491 CEST
Begin processing the 211th record. Run 1, Event 211, LumiSection 1 on stream 0 at 03-Jul-2021 13:30:16.502 CEST
Begin processing the 212th record. Run 1, Event 212, LumiSection 1 on stream 0 at 03-Jul-2021 13:30:16.513 CEST
Begin processing the 213th record. Run 1, Event 213, LumiSection 1 on stream 0 at 03-Jul-2021 13:30:16.523 CEST
Begin processing the 214th record. Run 1, Event 214, LumiSection 1 on stream 0 at 03-Jul-2021 13:30:16.534 CEST
Begin processing the 215th record. Run 1, Event 215, LumiSection 1 on stream 0 at 03-Jul-2021 13:30:16.545 CEST
Begin processing the 216th record. Run 1, Event 216, LumiSection 1 on stream 0 at 03-Jul-2021 13:30:16.555 CEST
Begin processing the 217th record. Run 1, Event 217, LumiSection 1 on stream 0 at 03-Jul-2021 13:30:16.566 CEST
Begin processing the 218th record. Run 1, Event 218, LumiSection 1 on stream 0 at 03-Jul-2021 13:30:16.577 CEST
Begin processing the 219th record. Run 1, Event 219, LumiSection 1 on stream 0 at 03-Jul-2021 13:30:16.588 CEST
Begin processing the 220th record. Run 1, Event 220, LumiSection 1 on stream 0 at 03-Jul-2021 13:30:16.598 CEST
Begin processing the 221st record. Run 1, Event 221, LumiSection 1 on stream 0 at 03-Jul-2021 13:30:16.609 CEST
Begin processing the 222nd record. Run 1, Event 222, LumiSection 1 on stream 0 at 03-Jul-2021 13:30:16.620 CEST
Begin processing the 223rd record. Run 1, Event 223, LumiSection 1 on stream 0 at 03-Jul-2021 13:30:16.630 CEST
Begin processing the 224th record. Run 1, Event 224, LumiSection 1 on stream 0 at 03-Jul-2021 13:30:16.641 CEST
Begin processing the 225th record. Run 1, Event 225, LumiSection 1 on stream 0 at 03-Jul-2021 13:30:16.652 CEST
Begin processing the 226th record. Run 1, Event 226, LumiSection 1 on stream 0 at 03-Jul-2021 13:30:16.664 CEST
Begin processing the 227th record. Run 1, Event 227, LumiSection 1 on stream 0 at 03-Jul-2021 13:30:16.674 CEST
Begin processing the 228th record. Run 1, Event 228, LumiSection 1 on stream 0 at 03-Jul-2021 13:30:16.684 CEST
Begin processing the 229th record. Run 1, Event 229, LumiSection 1 on stream 0 at 03-Jul-2021 13:30:16.695 CEST
Begin processing the 230th record. Run 1, Event 230, LumiSection 1 on stream 0 at 03-Jul-2021 13:30:16.706 CEST
Begin processing the 231st record. Run 1, Event 231, LumiSection 1 on stream 0 at 03-Jul-2021 13:30:16.717 CEST
Begin processing the 232nd record. Run 1, Event 232, LumiSection 1 on stream 0 at 03-Jul-2021 13:30:16.727 CEST
Begin processing the 233rd record. Run 1, Event 233, LumiSection 1 on stream 0 at 03-Jul-2021 13:30:16.738 CEST
Begin processing the 234th record. Run 1, Event 234, LumiSection 1 on stream 0 at 03-Jul-2021 13:30:16.749 CEST
Begin processing the 235th record. Run 1, Event 235, LumiSection 1 on stream 0 at 03-Jul-2021 13:30:16.760 CEST
Begin processing the 236th record. Run 1, Event 236, LumiSection 1 on stream 0 at 03-Jul-2021 13:30:16.770 CEST
Begin processing the 237th record. Run 1, Event 237, LumiSection 1 on stream 0 at 03-Jul-2021 13:30:16.780 CEST
Begin processing the 238th record. Run 1, Event 238, LumiSection 1 on stream 0 at 03-Jul-2021 13:30:16.791 CEST
Begin processing the 239th record. Run 1, Event 239, LumiSection 1 on stream 0 at 03-Jul-2021 13:30:16.803 CEST
Begin processing the 240th record. Run 1, Event 240, LumiSection 1 on stream 0 at 03-Jul-2021 13:30:16.814 CEST
Begin processing the 241st record. Run 1, Event 241, LumiSection 1 on stream 0 at 03-Jul-2021 13:30:16.825 CEST
Begin processing the 242nd record. Run 1, Event 242, LumiSection 1 on stream 0 at 03-Jul-2021 13:30:16.835 CEST
Begin processing the 243rd record. Run 1, Event 243, LumiSection 1 on stream 0 at 03-Jul-2021 13:30:16.847 CEST
Begin processing the 244th record. Run 1, Event 244, LumiSection 1 on stream 0 at 03-Jul-2021 13:30:16.857 CEST
Begin processing the 245th record. Run 1, Event 245, LumiSection 1 on stream 0 at 03-Jul-2021 13:30:16.869 CEST
Begin processing the 246th record. Run 1, Event 246, LumiSection 1 on stream 0 at 03-Jul-2021 13:30:16.880 CEST
Begin processing the 247th record. Run 1, Event 247, LumiSection 1 on stream 0 at 03-Jul-2021 13:30:16.891 CEST
Begin processing the 248th record. Run 1, Event 248, LumiSection 1 on stream 0 at 03-Jul-2021 13:30:16.902 CEST
Begin processing the 249th record. Run 1, Event 249, LumiSection 1 on stream 0 at 03-Jul-2021 13:30:16.913 CEST
Begin processing the 250th record. Run 1, Event 250, LumiSection 1 on stream 0 at 03-Jul-2021 13:30:16.925 CEST
Begin processing the 251st record. Run 1, Event 251, LumiSection 1 on stream 0 at 03-Jul-2021 13:30:16.937 CEST
Begin processing the 252nd record. Run 1, Event 252, LumiSection 1 on stream 0 at 03-Jul-2021 13:30:16.948 CEST
Begin processing the 253rd record. Run 1, Event 253, LumiSection 1 on stream 0 at 03-Jul-2021 13:30:16.959 CEST
Begin processing the 254th record. Run 1, Event 254, LumiSection 1 on stream 0 at 03-Jul-2021 13:30:16.970 CEST
Begin processing the 255th record. Run 1, Event 255, LumiSection 1 on stream 0 at 03-Jul-2021 13:30:16.981 CEST
Begin processing the 256th record. Run 1, Event 256, LumiSection 1 on stream 0 at 03-Jul-2021 13:30:16.993 CEST
Begin processing the 257th record. Run 1, Event 257, LumiSection 1 on stream 0 at 03-Jul-2021 13:30:17.005 CEST
Begin processing the 258th record. Run 1, Event 258, LumiSection 1 on stream 0 at 03-Jul-2021 13:30:17.016 CEST
Begin processing the 259th record. Run 1, Event 259, LumiSection 1 on stream 0 at 03-Jul-2021 13:30:17.027 CEST
Begin processing the 260th record. Run 1, Event 260, LumiSection 1 on stream 0 at 03-Jul-2021 13:30:17.038 CEST
Begin processing the 261st record. Run 1, Event 261, LumiSection 1 on stream 0 at 03-Jul-2021 13:30:17.049 CEST
Begin processing the 262nd record. Run 1, Event 262, LumiSection 1 on stream 0 at 03-Jul-2021 13:30:17.060 CEST
Begin processing the 263rd record. Run 1, Event 263, LumiSection 1 on stream 0 at 03-Jul-2021 13:30:17.071 CEST
Begin processing the 264th record. Run 1, Event 264, LumiSection 1 on stream 0 at 03-Jul-2021 13:30:17.083 CEST
Begin processing the 265th record. Run 1, Event 265, LumiSection 1 on stream 0 at 03-Jul-2021 13:30:17.094 CEST
Begin processing the 266th record. Run 1, Event 266, LumiSection 1 on stream 0 at 03-Jul-2021 13:30:17.104 CEST
Begin processing the 267th record. Run 1, Event 267, LumiSection 1 on stream 0 at 03-Jul-2021 13:30:17.115 CEST
Begin processing the 268th record. Run 1, Event 268, LumiSection 1 on stream 0 at 03-Jul-2021 13:30:17.125 CEST
Begin processing the 269th record. Run 1, Event 269, LumiSection 1 on stream 0 at 03-Jul-2021 13:30:17.136 CEST
Begin processing the 270th record. Run 1, Event 270, LumiSection 1 on stream 0 at 03-Jul-2021 13:30:17.146 CEST
Begin processing the 271st record. Run 1, Event 271, LumiSection 1 on stream 0 at 03-Jul-2021 13:30:17.156 CEST
Begin processing the 272nd record. Run 1, Event 272, LumiSection 1 on stream 0 at 03-Jul-2021 13:30:17.167 CEST
Begin processing the 273rd record. Run 1, Event 273, LumiSection 1 on stream 0 at 03-Jul-2021 13:30:17.177 CEST
Begin processing the 274th record. Run 1, Event 274, LumiSection 1 on stream 0 at 03-Jul-2021 13:30:17.188 CEST
Begin processing the 275th record. Run 1, Event 275, LumiSection 1 on stream 0 at 03-Jul-2021 13:30:17.198 CEST
Begin processing the 276th record. Run 1, Event 276, LumiSection 1 on stream 0 at 03-Jul-2021 13:30:17.208 CEST
Begin processing the 277th record. Run 1, Event 277, LumiSection 1 on stream 0 at 03-Jul-2021 13:30:17.218 CEST
Begin processing the 278th record. Run 1, Event 278, LumiSection 1 on stream 0 at 03-Jul-2021 13:30:17.229 CEST
Begin processing the 279th record. Run 1, Event 279, LumiSection 1 on stream 0 at 03-Jul-2021 13:30:17.239 CEST
Begin processing the 280th record. Run 1, Event 280, LumiSection 1 on stream 0 at 03-Jul-2021 13:30:17.250 CEST
Begin processing the 281st record. Run 1, Event 281, LumiSection 1 on stream 0 at 03-Jul-2021 13:30:17.260 CEST
Begin processing the 282nd record. Run 1, Event 282, LumiSection 1 on stream 0 at 03-Jul-2021 13:30:17.270 CEST
Begin processing the 283rd record. Run 1, Event 283, LumiSection 1 on stream 0 at 03-Jul-2021 13:30:17.280 CEST
Begin processing the 284th record. Run 1, Event 284, LumiSection 1 on stream 0 at 03-Jul-2021 13:30:17.291 CEST
Begin processing the 285th record. Run 1, Event 285, LumiSection 1 on stream 0 at 03-Jul-2021 13:30:17.301 CEST
Begin processing the 286th record. Run 1, Event 286, LumiSection 1 on stream 0 at 03-Jul-2021 13:30:17.311 CEST
Begin processing the 287th record. Run 1, Event 287, LumiSection 1 on stream 0 at 03-Jul-2021 13:30:17.322 CEST
Begin processing the 288th record. Run 1, Event 288, LumiSection 1 on stream 0 at 03-Jul-2021 13:30:17.332 CEST
Begin processing the 289th record. Run 1, Event 289, LumiSection 1 on stream 0 at 03-Jul-2021 13:30:17.343 CEST
Begin processing the 290th record. Run 1, Event 290, LumiSection 1 on stream 0 at 03-Jul-2021 13:30:17.353 CEST
Begin processing the 291st record. Run 1, Event 291, LumiSection 1 on stream 0 at 03-Jul-2021 13:30:17.363 CEST
Begin processing the 292nd record. Run 1, Event 292, LumiSection 1 on stream 0 at 03-Jul-2021 13:30:17.374 CEST
Begin processing the 293rd record. Run 1, Event 293, LumiSection 1 on stream 0 at 03-Jul-2021 13:30:17.384 CEST
Begin processing the 294th record. Run 1, Event 294, LumiSection 1 on stream 0 at 03-Jul-2021 13:30:17.394 CEST
Begin processing the 295th record. Run 1, Event 295, LumiSection 1 on stream 0 at 03-Jul-2021 13:30:17.404 CEST
Begin processing the 296th record. Run 1, Event 296, LumiSection 1 on stream 0 at 03-Jul-2021 13:30:17.414 CEST
Begin processing the 297th record. Run 1, Event 297, LumiSection 1 on stream 0 at 03-Jul-2021 13:30:17.425 CEST
Begin processing the 298th record. Run 1, Event 298, LumiSection 1 on stream 0 at 03-Jul-2021 13:30:17.435 CEST
Begin processing the 299th record. Run 1, Event 299, LumiSection 1 on stream 0 at 03-Jul-2021 13:30:17.446 CEST
Begin processing the 300th record. Run 1, Event 300, LumiSection 1 on stream 0 at 03-Jul-2021 13:30:17.456 CEST
Begin processing the 301st record. Run 1, Event 301, LumiSection 1 on stream 0 at 03-Jul-2021 13:30:17.466 CEST
Begin processing the 302nd record. Run 1, Event 302, LumiSection 1 on stream 0 at 03-Jul-2021 13:30:17.477 CEST
Begin processing the 303rd record. Run 1, Event 303, LumiSection 1 on stream 0 at 03-Jul-2021 13:30:17.487 CEST
Begin processing the 304th record. Run 1, Event 304, LumiSection 1 on stream 0 at 03-Jul-2021 13:30:17.497 CEST
Begin processing the 305th record. Run 1, Event 305, LumiSection 1 on stream 0 at 03-Jul-2021 13:30:17.508 CEST
Begin processing the 306th record. Run 1, Event 306, LumiSection 1 on stream 0 at 03-Jul-2021 13:30:17.518 CEST
Begin processing the 307th record. Run 1, Event 307, LumiSection 1 on stream 0 at 03-Jul-2021 13:30:17.529 CEST
Begin processing the 308th record. Run 1, Event 308, LumiSection 1 on stream 0 at 03-Jul-2021 13:30:17.539 CEST
Begin processing the 309th record. Run 1, Event 309, LumiSection 1 on stream 0 at 03-Jul-2021 13:30:17.549 CEST
Begin processing the 310th record. Run 1, Event 310, LumiSection 1 on stream 0 at 03-Jul-2021 13:30:17.560 CEST
Begin processing the 311th record. Run 1, Event 311, LumiSection 1 on stream 0 at 03-Jul-2021 13:30:17.570 CEST
Begin processing the 312th record. Run 1, Event 312, LumiSection 1 on stream 0 at 03-Jul-2021 13:30:17.581 CEST
Begin processing the 313th record. Run 1, Event 313, LumiSection 1 on stream 0 at 03-Jul-2021 13:30:17.591 CEST
Begin processing the 314th record. Run 1, Event 314, LumiSection 1 on stream 0 at 03-Jul-2021 13:30:17.601 CEST
Begin processing the 315th record. Run 1, Event 315, LumiSection 1 on stream 0 at 03-Jul-2021 13:30:17.612 CEST
Begin processing the 316th record. Run 1, Event 316, LumiSection 1 on stream 0 at 03-Jul-2021 13:30:17.622 CEST
Begin processing the 317th record. Run 1, Event 317, LumiSection 1 on stream 0 at 03-Jul-2021 13:30:17.633 CEST
Begin processing the 318th record. Run 1, Event 318, LumiSection 1 on stream 0 at 03-Jul-2021 13:30:17.643 CEST
Begin processing the 319th record. Run 1, Event 319, LumiSection 1 on stream 0 at 03-Jul-2021 13:30:17.653 CEST
Begin processing the 320th record. Run 1, Event 320, LumiSection 1 on stream 0 at 03-Jul-2021 13:30:17.664 CEST
Begin processing the 321st record. Run 1, Event 321, LumiSection 1 on stream 0 at 03-Jul-2021 13:30:17.674 CEST
Begin processing the 322nd record. Run 1, Event 322, LumiSection 1 on stream 0 at 03-Jul-2021 13:30:17.684 CEST
Begin processing the 323rd record. Run 1, Event 323, LumiSection 1 on stream 0 at 03-Jul-2021 13:30:17.696 CEST
Begin processing the 324th record. Run 1, Event 324, LumiSection 1 on stream 0 at 03-Jul-2021 13:30:17.706 CEST
Begin processing the 325th record. Run 1, Event 325, LumiSection 1 on stream 0 at 03-Jul-2021 13:30:17.716 CEST
Begin processing the 326th record. Run 1, Event 326, LumiSection 1 on stream 0 at 03-Jul-2021 13:30:17.727 CEST
Begin processing the 327th record. Run 1, Event 327, LumiSection 1 on stream 0 at 03-Jul-2021 13:30:17.737 CEST
Begin processing the 328th record. Run 1, Event 328, LumiSection 1 on stream 0 at 03-Jul-2021 13:30:17.747 CEST
Begin processing the 329th record. Run 1, Event 329, LumiSection 1 on stream 0 at 03-Jul-2021 13:30:17.758 CEST
Begin processing the 330th record. Run 1, Event 330, LumiSection 1 on stream 0 at 03-Jul-2021 13:30:17.768 CEST
Begin processing the 331st record. Run 1, Event 331, LumiSection 1 on stream 0 at 03-Jul-2021 13:30:17.779 CEST
Begin processing the 332nd record. Run 1, Event 332, LumiSection 1 on stream 0 at 03-Jul-2021 13:30:17.791 CEST
Begin processing the 333rd record. Run 1, Event 333, LumiSection 1 on stream 0 at 03-Jul-2021 13:30:17.803 CEST
Begin processing the 334th record. Run 1, Event 334, LumiSection 1 on stream 0 at 03-Jul-2021 13:30:17.815 CEST
Begin processing the 335th record. Run 1, Event 335, LumiSection 1 on stream 0 at 03-Jul-2021 13:30:17.828 CEST
Begin processing the 336th record. Run 1, Event 336, LumiSection 1 on stream 0 at 03-Jul-2021 13:30:17.840 CEST
Begin processing the 337th record. Run 1, Event 337, LumiSection 1 on stream 0 at 03-Jul-2021 13:30:17.852 CEST
Begin processing the 338th record. Run 1, Event 338, LumiSection 1 on stream 0 at 03-Jul-2021 13:30:17.864 CEST
Begin processing the 339th record. Run 1, Event 339, LumiSection 1 on stream 0 at 03-Jul-2021 13:30:17.876 CEST
Begin processing the 340th record. Run 1, Event 340, LumiSection 1 on stream 0 at 03-Jul-2021 13:30:17.888 CEST
Begin processing the 341st record. Run 1, Event 341, LumiSection 1 on stream 0 at 03-Jul-2021 13:30:17.900 CEST
Begin processing the 342nd record. Run 1, Event 342, LumiSection 1 on stream 0 at 03-Jul-2021 13:30:17.912 CEST
Begin processing the 343rd record. Run 1, Event 343, LumiSection 1 on stream 0 at 03-Jul-2021 13:30:17.924 CEST
Begin processing the 344th record. Run 1, Event 344, LumiSection 1 on stream 0 at 03-Jul-2021 13:30:17.936 CEST
Begin processing the 345th record. Run 1, Event 345, LumiSection 1 on stream 0 at 03-Jul-2021 13:30:17.948 CEST
Begin processing the 346th record. Run 1, Event 346, LumiSection 1 on stream 0 at 03-Jul-2021 13:30:17.960 CEST
Begin processing the 347th record. Run 1, Event 347, LumiSection 1 on stream 0 at 03-Jul-2021 13:30:17.972 CEST
Begin processing the 348th record. Run 1, Event 348, LumiSection 1 on stream 0 at 03-Jul-2021 13:30:17.983 CEST
Begin processing the 349th record. Run 1, Event 349, LumiSection 1 on stream 0 at 03-Jul-2021 13:30:17.995 CEST
Begin processing the 350th record. Run 1, Event 350, LumiSection 1 on stream 0 at 03-Jul-2021 13:30:18.007 CEST
Begin processing the 351st record. Run 1, Event 351, LumiSection 1 on stream 0 at 03-Jul-2021 13:30:18.019 CEST
Begin processing the 352nd record. Run 1, Event 352, LumiSection 1 on stream 0 at 03-Jul-2021 13:30:18.030 CEST
Begin processing the 353rd record. Run 1, Event 353, LumiSection 1 on stream 0 at 03-Jul-2021 13:30:18.042 CEST
Begin processing the 354th record. Run 1, Event 354, LumiSection 1 on stream 0 at 03-Jul-2021 13:30:18.054 CEST
Begin processing the 355th record. Run 1, Event 355, LumiSection 1 on stream 0 at 03-Jul-2021 13:30:18.066 CEST
Begin processing the 356th record. Run 1, Event 356, LumiSection 1 on stream 0 at 03-Jul-2021 13:30:18.078 CEST
Begin processing the 357th record. Run 1, Event 357, LumiSection 1 on stream 0 at 03-Jul-2021 13:30:18.090 CEST
Begin processing the 358th record. Run 1, Event 358, LumiSection 1 on stream 0 at 03-Jul-2021 13:30:18.104 CEST
Begin processing the 359th record. Run 1, Event 359, LumiSection 1 on stream 0 at 03-Jul-2021 13:30:18.114 CEST
Begin processing the 360th record. Run 1, Event 360, LumiSection 1 on stream 0 at 03-Jul-2021 13:30:18.125 CEST
Begin processing the 361st record. Run 1, Event 361, LumiSection 1 on stream 0 at 03-Jul-2021 13:30:18.138 CEST
Begin processing the 362nd record. Run 1, Event 362, LumiSection 1 on stream 0 at 03-Jul-2021 13:30:18.148 CEST
Begin processing the 363rd record. Run 1, Event 363, LumiSection 1 on stream 0 at 03-Jul-2021 13:30:18.158 CEST
Begin processing the 364th record. Run 1, Event 364, LumiSection 1 on stream 0 at 03-Jul-2021 13:30:18.169 CEST
Begin processing the 365th record. Run 1, Event 365, LumiSection 1 on stream 0 at 03-Jul-2021 13:30:18.179 CEST
Begin processing the 366th record. Run 1, Event 366, LumiSection 1 on stream 0 at 03-Jul-2021 13:30:18.189 CEST
Begin processing the 367th record. Run 1, Event 367, LumiSection 1 on stream 0 at 03-Jul-2021 13:30:18.200 CEST
Begin processing the 368th record. Run 1, Event 368, LumiSection 1 on stream 0 at 03-Jul-2021 13:30:18.210 CEST
Begin processing the 369th record. Run 1, Event 369, LumiSection 1 on stream 0 at 03-Jul-2021 13:30:18.221 CEST
Begin processing the 370th record. Run 1, Event 370, LumiSection 1 on stream 0 at 03-Jul-2021 13:30:18.231 CEST
Begin processing the 371st record. Run 1, Event 371, LumiSection 1 on stream 0 at 03-Jul-2021 13:30:18.241 CEST
Begin processing the 372nd record. Run 1, Event 372, LumiSection 1 on stream 0 at 03-Jul-2021 13:30:18.252 CEST
Begin processing the 373rd record. Run 1, Event 373, LumiSection 1 on stream 0 at 03-Jul-2021 13:30:18.262 CEST
Begin processing the 374th record. Run 1, Event 374, LumiSection 1 on stream 0 at 03-Jul-2021 13:30:18.272 CEST
Begin processing the 375th record. Run 1, Event 375, LumiSection 1 on stream 0 at 03-Jul-2021 13:30:18.282 CEST
Begin processing the 376th record. Run 1, Event 376, LumiSection 1 on stream 0 at 03-Jul-2021 13:30:18.293 CEST
Begin processing the 377th record. Run 1, Event 377, LumiSection 1 on stream 0 at 03-Jul-2021 13:30:18.303 CEST
Begin processing the 378th record. Run 1, Event 378, LumiSection 1 on stream 0 at 03-Jul-2021 13:30:18.313 CEST
Begin processing the 379th record. Run 1, Event 379, LumiSection 1 on stream 0 at 03-Jul-2021 13:30:18.324 CEST
Begin processing the 380th record. Run 1, Event 380, LumiSection 1 on stream 0 at 03-Jul-2021 13:30:18.335 CEST
Begin processing the 381st record. Run 1, Event 381, LumiSection 1 on stream 0 at 03-Jul-2021 13:30:18.345 CEST
Begin processing the 382nd record. Run 1, Event 382, LumiSection 1 on stream 0 at 03-Jul-2021 13:30:18.356 CEST
Begin processing the 383rd record. Run 1, Event 383, LumiSection 1 on stream 0 at 03-Jul-2021 13:30:18.366 CEST
Begin processing the 384th record. Run 1, Event 384, LumiSection 1 on stream 0 at 03-Jul-2021 13:30:18.376 CEST
Begin processing the 385th record. Run 1, Event 385, LumiSection 1 on stream 0 at 03-Jul-2021 13:30:18.387 CEST
Begin processing the 386th record. Run 1, Event 386, LumiSection 1 on stream 0 at 03-Jul-2021 13:30:18.397 CEST
Begin processing the 387th record. Run 1, Event 387, LumiSection 1 on stream 0 at 03-Jul-2021 13:30:18.407 CEST
Begin processing the 388th record. Run 1, Event 388, LumiSection 1 on stream 0 at 03-Jul-2021 13:30:18.418 CEST
Begin processing the 389th record. Run 1, Event 389, LumiSection 1 on stream 0 at 03-Jul-2021 13:30:18.428 CEST
Begin processing the 390th record. Run 1, Event 390, LumiSection 1 on stream 0 at 03-Jul-2021 13:30:18.438 CEST
Begin processing the 391st record. Run 1, Event 391, LumiSection 1 on stream 0 at 03-Jul-2021 13:30:18.448 CEST
Begin processing the 392nd record. Run 1, Event 392, LumiSection 1 on stream 0 at 03-Jul-2021 13:30:18.458 CEST
Begin processing the 393rd record. Run 1, Event 393, LumiSection 1 on stream 0 at 03-Jul-2021 13:30:18.469 CEST
Begin processing the 394th record. Run 1, Event 394, LumiSection 1 on stream 0 at 03-Jul-2021 13:30:18.479 CEST
Begin processing the 395th record. Run 1, Event 395, LumiSection 1 on stream 0 at 03-Jul-2021 13:30:18.489 CEST
Begin processing the 396th record. Run 1, Event 396, LumiSection 1 on stream 0 at 03-Jul-2021 13:30:18.500 CEST
Begin processing the 397th record. Run 1, Event 397, LumiSection 1 on stream 0 at 03-Jul-2021 13:30:18.510 CEST
Begin processing the 398th record. Run 1, Event 398, LumiSection 1 on stream 0 at 03-Jul-2021 13:30:18.520 CEST
Begin processing the 399th record. Run 1, Event 399, LumiSection 1 on stream 0 at 03-Jul-2021 13:30:18.531 CEST
Begin processing the 400th record. Run 1, Event 400, LumiSection 1 on stream 0 at 03-Jul-2021 13:30:18.541 CEST
Begin processing the 401st record. Run 1, Event 401, LumiSection 1 on stream 0 at 03-Jul-2021 13:30:18.551 CEST
Begin processing the 402nd record. Run 1, Event 402, LumiSection 1 on stream 0 at 03-Jul-2021 13:30:18.562 CEST
Begin processing the 403rd record. Run 1, Event 403, LumiSection 1 on stream 0 at 03-Jul-2021 13:30:18.572 CEST
Begin processing the 404th record. Run 1, Event 404, LumiSection 1 on stream 0 at 03-Jul-2021 13:30:18.582 CEST
Begin processing the 405th record. Run 1, Event 405, LumiSection 1 on stream 0 at 03-Jul-2021 13:30:18.592 CEST
Begin processing the 406th record. Run 1, Event 406, LumiSection 1 on stream 0 at 03-Jul-2021 13:30:18.603 CEST
Begin processing the 407th record. Run 1, Event 407, LumiSection 1 on stream 0 at 03-Jul-2021 13:30:18.613 CEST
Begin processing the 408th record. Run 1, Event 408, LumiSection 1 on stream 0 at 03-Jul-2021 13:30:18.624 CEST
Begin processing the 409th record. Run 1, Event 409, LumiSection 1 on stream 0 at 03-Jul-2021 13:30:18.634 CEST
Begin processing the 410th record. Run 1, Event 410, LumiSection 1 on stream 0 at 03-Jul-2021 13:30:18.644 CEST
Begin processing the 411th record. Run 1, Event 411, LumiSection 1 on stream 0 at 03-Jul-2021 13:30:18.655 CEST
Begin processing the 412th record. Run 1, Event 412, LumiSection 1 on stream 0 at 03-Jul-2021 13:30:18.665 CEST
Begin processing the 413th record. Run 1, Event 413, LumiSection 1 on stream 0 at 03-Jul-2021 13:30:18.676 CEST
Begin processing the 414th record. Run 1, Event 414, LumiSection 1 on stream 0 at 03-Jul-2021 13:30:18.686 CEST
Begin processing the 415th record. Run 1, Event 415, LumiSection 1 on stream 0 at 03-Jul-2021 13:30:18.697 CEST
Begin processing the 416th record. Run 1, Event 416, LumiSection 1 on stream 0 at 03-Jul-2021 13:30:18.707 CEST
Begin processing the 417th record. Run 1, Event 417, LumiSection 1 on stream 0 at 03-Jul-2021 13:30:18.717 CEST
Begin processing the 418th record. Run 1, Event 418, LumiSection 1 on stream 0 at 03-Jul-2021 13:30:18.728 CEST
Begin processing the 419th record. Run 1, Event 419, LumiSection 1 on stream 0 at 03-Jul-2021 13:30:18.738 CEST
Begin processing the 420th record. Run 1, Event 420, LumiSection 1 on stream 0 at 03-Jul-2021 13:30:18.748 CEST
Begin processing the 421st record. Run 1, Event 421, LumiSection 1 on stream 0 at 03-Jul-2021 13:30:18.758 CEST
Begin processing the 422nd record. Run 1, Event 422, LumiSection 1 on stream 0 at 03-Jul-2021 13:30:18.768 CEST
Begin processing the 423rd record. Run 1, Event 423, LumiSection 1 on stream 0 at 03-Jul-2021 13:30:18.779 CEST
Begin processing the 424th record. Run 1, Event 424, LumiSection 1 on stream 0 at 03-Jul-2021 13:30:18.789 CEST
Begin processing the 425th record. Run 1, Event 425, LumiSection 1 on stream 0 at 03-Jul-2021 13:30:18.799 CEST
Begin processing the 426th record. Run 1, Event 426, LumiSection 1 on stream 0 at 03-Jul-2021 13:30:18.810 CEST
Begin processing the 427th record. Run 1, Event 427, LumiSection 1 on stream 0 at 03-Jul-2021 13:30:18.820 CEST
Begin processing the 428th record. Run 1, Event 428, LumiSection 1 on stream 0 at 03-Jul-2021 13:30:18.831 CEST
Begin processing the 429th record. Run 1, Event 429, LumiSection 1 on stream 0 at 03-Jul-2021 13:30:18.841 CEST
Begin processing the 430th record. Run 1, Event 430, LumiSection 1 on stream 0 at 03-Jul-2021 13:30:18.852 CEST
Begin processing the 431st record. Run 1, Event 431, LumiSection 1 on stream 0 at 03-Jul-2021 13:30:18.862 CEST
Begin processing the 432nd record. Run 1, Event 432, LumiSection 1 on stream 0 at 03-Jul-2021 13:30:18.872 CEST
Begin processing the 433rd record. Run 1, Event 433, LumiSection 1 on stream 0 at 03-Jul-2021 13:30:18.883 CEST
Begin processing the 434th record. Run 1, Event 434, LumiSection 1 on stream 0 at 03-Jul-2021 13:30:18.893 CEST
Begin processing the 435th record. Run 1, Event 435, LumiSection 1 on stream 0 at 03-Jul-2021 13:30:18.904 CEST
Begin processing the 436th record. Run 1, Event 436, LumiSection 1 on stream 0 at 03-Jul-2021 13:30:18.914 CEST
Begin processing the 437th record. Run 1, Event 437, LumiSection 1 on stream 0 at 03-Jul-2021 13:30:18.925 CEST
Begin processing the 438th record. Run 1, Event 438, LumiSection 1 on stream 0 at 03-Jul-2021 13:30:18.936 CEST
Begin processing the 439th record. Run 1, Event 439, LumiSection 1 on stream 0 at 03-Jul-2021 13:30:18.948 CEST
Begin processing the 440th record. Run 1, Event 440, LumiSection 1 on stream 0 at 03-Jul-2021 13:30:18.959 CEST
Begin processing the 441st record. Run 1, Event 441, LumiSection 1 on stream 0 at 03-Jul-2021 13:30:18.969 CEST
Begin processing the 442nd record. Run 1, Event 442, LumiSection 1 on stream 0 at 03-Jul-2021 13:30:18.980 CEST
Begin processing the 443rd record. Run 1, Event 443, LumiSection 1 on stream 0 at 03-Jul-2021 13:30:18.990 CEST
Begin processing the 444th record. Run 1, Event 444, LumiSection 1 on stream 0 at 03-Jul-2021 13:30:19.000 CEST
Begin processing the 445th record. Run 1, Event 445, LumiSection 1 on stream 0 at 03-Jul-2021 13:30:19.011 CEST
Begin processing the 446th record. Run 1, Event 446, LumiSection 1 on stream 0 at 03-Jul-2021 13:30:19.022 CEST
Begin processing the 447th record. Run 1, Event 447, LumiSection 1 on stream 0 at 03-Jul-2021 13:30:19.032 CEST
Begin processing the 448th record. Run 1, Event 448, LumiSection 1 on stream 0 at 03-Jul-2021 13:30:19.042 CEST
Begin processing the 449th record. Run 1, Event 449, LumiSection 1 on stream 0 at 03-Jul-2021 13:30:19.053 CEST
Begin processing the 450th record. Run 1, Event 450, LumiSection 1 on stream 0 at 03-Jul-2021 13:30:19.063 CEST
Begin processing the 451st record. Run 1, Event 451, LumiSection 1 on stream 0 at 03-Jul-2021 13:30:19.073 CEST
Begin processing the 452nd record. Run 1, Event 452, LumiSection 1 on stream 0 at 03-Jul-2021 13:30:19.084 CEST
Begin processing the 453rd record. Run 1, Event 453, LumiSection 1 on stream 0 at 03-Jul-2021 13:30:19.095 CEST
Begin processing the 454th record. Run 1, Event 454, LumiSection 1 on stream 0 at 03-Jul-2021 13:30:19.105 CEST
Begin processing the 455th record. Run 1, Event 455, LumiSection 1 on stream 0 at 03-Jul-2021 13:30:19.115 CEST
Begin processing the 456th record. Run 1, Event 456, LumiSection 1 on stream 0 at 03-Jul-2021 13:30:19.125 CEST
Begin processing the 457th record. Run 1, Event 457, LumiSection 1 on stream 0 at 03-Jul-2021 13:30:19.136 CEST
Begin processing the 458th record. Run 1, Event 458, LumiSection 1 on stream 0 at 03-Jul-2021 13:30:19.146 CEST
Begin processing the 459th record. Run 1, Event 459, LumiSection 1 on stream 0 at 03-Jul-2021 13:30:19.156 CEST
Begin processing the 460th record. Run 1, Event 460, LumiSection 1 on stream 0 at 03-Jul-2021 13:30:19.167 CEST
Begin processing the 461st record. Run 1, Event 461, LumiSection 1 on stream 0 at 03-Jul-2021 13:30:19.177 CEST
Begin processing the 462nd record. Run 1, Event 462, LumiSection 1 on stream 0 at 03-Jul-2021 13:30:19.187 CEST
Begin processing the 463rd record. Run 1, Event 463, LumiSection 1 on stream 0 at 03-Jul-2021 13:30:19.197 CEST
Begin processing the 464th record. Run 1, Event 464, LumiSection 1 on stream 0 at 03-Jul-2021 13:30:19.208 CEST
Begin processing the 465th record. Run 1, Event 465, LumiSection 1 on stream 0 at 03-Jul-2021 13:30:19.218 CEST
Begin processing the 466th record. Run 1, Event 466, LumiSection 1 on stream 0 at 03-Jul-2021 13:30:19.228 CEST
Begin processing the 467th record. Run 1, Event 467, LumiSection 1 on stream 0 at 03-Jul-2021 13:30:19.239 CEST
Begin processing the 468th record. Run 1, Event 468, LumiSection 1 on stream 0 at 03-Jul-2021 13:30:19.249 CEST
Begin processing the 469th record. Run 1, Event 469, LumiSection 1 on stream 0 at 03-Jul-2021 13:30:19.259 CEST
Begin processing the 470th record. Run 1, Event 470, LumiSection 1 on stream 0 at 03-Jul-2021 13:30:19.270 CEST
Begin processing the 471st record. Run 1, Event 471, LumiSection 1 on stream 0 at 03-Jul-2021 13:30:19.280 CEST
Begin processing the 472nd record. Run 1, Event 472, LumiSection 1 on stream 0 at 03-Jul-2021 13:30:19.290 CEST
Begin processing the 473rd record. Run 1, Event 473, LumiSection 1 on stream 0 at 03-Jul-2021 13:30:19.300 CEST
Begin processing the 474th record. Run 1, Event 474, LumiSection 1 on stream 0 at 03-Jul-2021 13:30:19.310 CEST
Begin processing the 475th record. Run 1, Event 475, LumiSection 1 on stream 0 at 03-Jul-2021 13:30:19.321 CEST
Begin processing the 476th record. Run 1, Event 476, LumiSection 1 on stream 0 at 03-Jul-2021 13:30:19.331 CEST
Begin processing the 477th record. Run 1, Event 477, LumiSection 1 on stream 0 at 03-Jul-2021 13:30:19.343 CEST
Begin processing the 478th record. Run 1, Event 478, LumiSection 1 on stream 0 at 03-Jul-2021 13:30:19.353 CEST
Begin processing the 479th record. Run 1, Event 479, LumiSection 1 on stream 0 at 03-Jul-2021 13:30:19.364 CEST
Begin processing the 480th record. Run 1, Event 480, LumiSection 1 on stream 0 at 03-Jul-2021 13:30:19.374 CEST
Begin processing the 481st record. Run 1, Event 481, LumiSection 1 on stream 0 at 03-Jul-2021 13:30:19.384 CEST
Begin processing the 482nd record. Run 1, Event 482, LumiSection 1 on stream 0 at 03-Jul-2021 13:30:19.395 CEST
Begin processing the 483rd record. Run 1, Event 483, LumiSection 1 on stream 0 at 03-Jul-2021 13:30:19.405 CEST
Begin processing the 484th record. Run 1, Event 484, LumiSection 1 on stream 0 at 03-Jul-2021 13:30:19.416 CEST
Begin processing the 485th record. Run 1, Event 485, LumiSection 1 on stream 0 at 03-Jul-2021 13:30:19.426 CEST
Begin processing the 486th record. Run 1, Event 486, LumiSection 1 on stream 0 at 03-Jul-2021 13:30:19.436 CEST
Begin processing the 487th record. Run 1, Event 487, LumiSection 1 on stream 0 at 03-Jul-2021 13:30:19.446 CEST
Begin processing the 488th record. Run 1, Event 488, LumiSection 1 on stream 0 at 03-Jul-2021 13:30:19.457 CEST
Begin processing the 489th record. Run 1, Event 489, LumiSection 1 on stream 0 at 03-Jul-2021 13:30:19.467 CEST
Begin processing the 490th record. Run 1, Event 490, LumiSection 1 on stream 0 at 03-Jul-2021 13:30:19.477 CEST
Begin processing the 491st record. Run 1, Event 491, LumiSection 1 on stream 0 at 03-Jul-2021 13:30:19.487 CEST
Begin processing the 492nd record. Run 1, Event 492, LumiSection 1 on stream 0 at 03-Jul-2021 13:30:19.498 CEST
Begin processing the 493rd record. Run 1, Event 493, LumiSection 1 on stream 0 at 03-Jul-2021 13:30:19.508 CEST
Begin processing the 494th record. Run 1, Event 494, LumiSection 1 on stream 0 at 03-Jul-2021 13:30:19.519 CEST
Begin processing the 495th record. Run 1, Event 495, LumiSection 1 on stream 0 at 03-Jul-2021 13:30:19.529 CEST
Begin processing the 496th record. Run 1, Event 496, LumiSection 1 on stream 0 at 03-Jul-2021 13:30:19.539 CEST
Begin processing the 497th record. Run 1, Event 497, LumiSection 1 on stream 0 at 03-Jul-2021 13:30:19.549 CEST
Begin processing the 498th record. Run 1, Event 498, LumiSection 1 on stream 0 at 03-Jul-2021 13:30:19.560 CEST
Begin processing the 499th record. Run 1, Event 499, LumiSection 1 on stream 0 at 03-Jul-2021 13:30:19.570 CEST
Begin processing the 500th record. Run 1, Event 500, LumiSection 1 on stream 0 at 03-Jul-2021 13:30:19.580 CEST
Begin processing the 501st record. Run 1, Event 501, LumiSection 1 on stream 0 at 03-Jul-2021 13:30:19.591 CEST
Begin processing the 502nd record. Run 1, Event 502, LumiSection 1 on stream 0 at 03-Jul-2021 13:30:19.601 CEST
Begin processing the 503rd record. Run 1, Event 503, LumiSection 1 on stream 0 at 03-Jul-2021 13:30:19.611 CEST
Begin processing the 504th record. Run 1, Event 504, LumiSection 1 on stream 0 at 03-Jul-2021 13:30:19.622 CEST
Begin processing the 505th record. Run 1, Event 505, LumiSection 1 on stream 0 at 03-Jul-2021 13:30:19.632 CEST
Begin processing the 506th record. Run 1, Event 506, LumiSection 1 on stream 0 at 03-Jul-2021 13:30:19.643 CEST
Begin processing the 507th record. Run 1, Event 507, LumiSection 1 on stream 0 at 03-Jul-2021 13:30:19.653 CEST
Begin processing the 508th record. Run 1, Event 508, LumiSection 1 on stream 0 at 03-Jul-2021 13:30:19.664 CEST
Begin processing the 509th record. Run 1, Event 509, LumiSection 1 on stream 0 at 03-Jul-2021 13:30:19.674 CEST
Begin processing the 510th record. Run 1, Event 510, LumiSection 1 on stream 0 at 03-Jul-2021 13:30:19.684 CEST
Begin processing the 511th record. Run 1, Event 511, LumiSection 1 on stream 0 at 03-Jul-2021 13:30:19.695 CEST
Begin processing the 512th record. Run 1, Event 512, LumiSection 1 on stream 0 at 03-Jul-2021 13:30:19.706 CEST
Begin processing the 513th record. Run 1, Event 513, LumiSection 1 on stream 0 at 03-Jul-2021 13:30:19.717 CEST
Begin processing the 514th record. Run 1, Event 514, LumiSection 1 on stream 0 at 03-Jul-2021 13:30:19.727 CEST
Begin processing the 515th record. Run 1, Event 515, LumiSection 1 on stream 0 at 03-Jul-2021 13:30:19.738 CEST
Begin processing the 516th record. Run 1, Event 516, LumiSection 1 on stream 0 at 03-Jul-2021 13:30:19.749 CEST
Begin processing the 517th record. Run 1, Event 517, LumiSection 1 on stream 0 at 03-Jul-2021 13:30:19.759 CEST
Begin processing the 518th record. Run 1, Event 518, LumiSection 1 on stream 0 at 03-Jul-2021 13:30:19.770 CEST
Begin processing the 519th record. Run 1, Event 519, LumiSection 1 on stream 0 at 03-Jul-2021 13:30:19.780 CEST
Begin processing the 520th record. Run 1, Event 520, LumiSection 1 on stream 0 at 03-Jul-2021 13:30:19.791 CEST
Begin processing the 521st record. Run 1, Event 521, LumiSection 1 on stream 0 at 03-Jul-2021 13:30:19.801 CEST
Begin processing the 522nd record. Run 1, Event 522, LumiSection 1 on stream 0 at 03-Jul-2021 13:30:19.812 CEST
Begin processing the 523rd record. Run 1, Event 523, LumiSection 1 on stream 0 at 03-Jul-2021 13:30:19.822 CEST
Begin processing the 524th record. Run 1, Event 524, LumiSection 1 on stream 0 at 03-Jul-2021 13:30:19.832 CEST
Begin processing the 525th record. Run 1, Event 525, LumiSection 1 on stream 0 at 03-Jul-2021 13:30:19.842 CEST
Begin processing the 526th record. Run 1, Event 526, LumiSection 1 on stream 0 at 03-Jul-2021 13:30:19.853 CEST
03-Jul-2021 13:30:19 CEST  Closed LHE file cmsgrid_final.lhe

=============================================

MessageLogger Summary

 type     category        sev    module        subroutine        count    total
 ---- -------------------- -- ---------------- ----------------  -----    -----
    1 fileAction           -s ExternalLHEProdu                       2        2
    2 fileAction           -s ExternalLHEProdu                       1        1

 type    category    Examples: run/evt        run/evt          run/evt
 ---- -------------------- ---------------- ---------------- ----------------
    1 fileAction           Run: 1           Run: 1           
    2 fileAction           End Run: 1                        

Severity    # Occurrences   Total Occurrences
--------    -------------   -----------------
System                  3                   3

dropped waiting message count 0
